Nr	Seq	deltaShape	Z-factor	Std_Score	first_react	first_smooth_rea	second_react	second_smooth_rea
42	G	0.0	-14.64	-0.34	0.523568	0.45359150000000004	0.578645	0.4632725
43	G	0.0	-2.97	-0.58	0.383615	0.3559056666666667	0.3479	0.3973516666666666
44	A	0.0	-3.41	-0.05	0.160534	0.4611883333333333	0.26551	0.4321163333333333
45	A	0.0	-2.27	-0.05	0.839416	0.558774	0.682939	0.5287696666666667
46	A	0.0	0.15	0.42	0.676372	0.556264	0.63786	0.46310300000000004
47	A	0.0	-4.08	-0.37	0.153004	0.3472383333333333	0.06851	0.36046466666666666
48	A	0.0	-7.62	-0.21	0.212339	0.3788296666666667	0.375024	0.3712039999999999
49	U	0.0	-0.2	-0.74	0.771146	0.5233003333333334	0.670078	0.5870926666666666
50	G	0.0	0.14	0.46	0.586416	0.7437376666666666	0.716176	0.6450336666666666
51	A	0.0	0.01	0.33	0.873651	0.6204839999999999	0.548847	0.5396359999999999
52	A	0.0	0.14	0.59	0.401385	0.69625	0.353885	0.5794093333333333
53	G	0.0	-1.12	-0.61	0.813714	0.5193176666666667	0.835496	0.5655713333333333
54	G	0.0	-6.31	-0.16	0.342854	0.8863343333333334	0.507333	0.870982
55	U	0.0	-0.06	0.39	1.502435	0.8500243333333334	1.270117	0.7606183333333334
56	A	0.0	0.55	1.3	0.704784	1.016281	0.504405	0.8037453333333332
57	A	0.0	0.41	0.74	0.841624	0.7108746666666667	0.636714	0.5746129999999999
58	U	0.0	0.39	0.5	0.586216	0.7139199999999999	0.58272	0.609717
59	G	0.0	-999.0	-999.0	-999.0	-999.0	-999.0	-999.0
60	U	0.0	0.72	1.61	0.71392	0.6631195	0.47397	0.40877050000000004
61	U	0.0	0.63	1.27	0.612319	0.5525493333333333	0.343571	0.34425
62	U	0.0	0.66	0.84	0.331409	0.3236116666666667	0.215209	0.17293133333333333
63	U	0.0	0.53	0.42	0.027107	0.18944833333333333	-0.039986	0.096271
64	U	0.0	0.29	0.23	0.209829	0.20758666666666667	0.11359	0.13935533333333336
65	U	0.0	-0.26	0.04	0.385824	0.18958233333333332	0.344462	0.14826933333333336
66	C	0.0	-3.4	-0.18	-0.026906	0.131553	-0.013244	0.11953233333333335
67	A	0.0	-1.3	-0.11	0.035741	0.07824233333333334	0.027379	0.05730433333333335
68	G	0.0	-2.34	-0.38	0.225892	0.140756	0.157778	0.1564196666666667
69	A	0.0	-0.38	0.02	0.160635	0.211569	0.284102	0.17297400000000004
70	C	0.0	-1.07	-0.08	0.24818	0.20986233333333335	0.077042	0.18439233333333335
71	A	0.0	0.5	0.91	0.220772	0.48387800000000003	0.192033	0.32463899999999996
72	G	0.0	-0.28	0.24	0.982682	0.5326373333333333	0.704842	0.4634849999999999
73	G	0.0	-2.91	-0.09	0.394458	0.6992623333333334	0.49358	0.6743220000000001
74	U	0.0	-0.32	-0.77	0.720647	0.5896626666666667	0.824544	0.6572156666666666
75	A	0.0	-9.87	-0.21	0.653883	0.7948063333333334	0.653523	0.7865536666666667
76	A	0.0	0.12	0.46	1.009889	0.8309823333333334	0.881594	0.7327303333333334
77	A	0.0	-0.24	0.16	0.829175	0.6597393333333333	0.663074	0.6015673333333335
78	G	0.0	-4.82	-0.17	0.140154	0.32950166666666664	0.260034	0.31636200000000003
79	U	0.0	-6.59	-0.39	0.019176	0.09554433333333334	0.025978	0.11151
80	C	0.0	-8.29	-0.16	0.127303	0.4885966666666666	0.048518	0.4735876666666667
81	U	0.0	-1.78	0.08	1.319311	0.5977609999999999	1.346267	0.5502903333333333
82	U	0.0	-2.07	-0.05	0.346669	0.7166303333333333	0.256086	0.6873110000000001
83	U	0.0	-4.9	-0.37	0.483911	0.39680033333333337	0.45958	0.40983133333333327
84	G	0.0	-0.2	-0.75	0.359821	0.34328899999999996	0.513828	0.40881266666666666
85	A	0.0	-0.14	-0.84	0.186135	0.47490899999999997	0.25303	0.5519033333333333
86	A	0.0	-2.05	-0.44	0.878771	0.4409416666666666	0.888852	0.4642916666666667
87	A	0.0	-4.68	-0.18	0.257919	0.4584776666666666	0.250993	0.4467183333333334
88	A	0.0	-22.51	-0.29	0.238743	0.5644963333333334	0.20031	0.5677363333333334
89	U	0.0	-1.78	-0.04	1.196827	0.8115386666666667	1.251906	0.7807806666666668
90	A	0.0	-1.91	-0.05	0.999046	0.8399173333333335	0.890126	0.8097300000000001
91	U	0.0	-0.73	-0.62	0.323879	0.7555173333333333	0.287158	0.803448
92	G	0.0	0.0	-0.8	0.943627	0.4274883333333334	1.23306	0.49918366666666675
93	U	0.0	0.37	-1.1	0.014959	0.3882000000000001	-0.022667	0.5008816666666668
94	G	0.0	-0.9	-0.46	0.206014	0.12014133333333339	0.292252	0.14585000000000006
95	U	0.08	0.17	0.33	0.139451	0.49867	0.167965	0.41751466666666676
96	A	0.26	0.69	1.63	1.150545	0.8913876666666667	0.792327	0.634634
97	A	0.32	0.67	2.09	1.384167	1.344678	0.94361	1.0255336666666668
98	U	0.23	0.56	1.43	1.499322	1.1870553333333334	1.340664	0.9571503333333334
99	A	0.11	0.16	0.51	0.677677	0.772217	0.587177	0.6671483333333335
100	U	-0.1	0.34	-1.04	0.139652	0.44940866666666673	0.073604	0.5539406666666667
101	G	-0.24	0.63	-2.02	0.530897	0.34553166666666674	1.001041	0.5830600000000001
102	U	-0.25	0.63	-2.13	0.366046	0.3529943333333334	0.674535	0.6050480000000001
103	A	0.12	0.17	0.64	0.16204	0.8384116666666669	0.139568	0.7152419999999999
104	A	0.26	0.7	1.68	1.987149	0.7940030000000001	1.331623	0.5300429999999999
105	A	0.0	0.75	1.89	0.23282	0.7996253333333335	0.118938	0.5066543333333333
106	A	0.0	0.43	0.29	0.178907	0.1994883333333334	0.069402	0.12432900000000001
107	C	0.0	-2.32	-0.12	0.186738	0.3091883333333334	0.184647	0.28847400000000006
108	A	0.0	-0.22	0.26	0.56192	0.5574690000000001	0.611373	0.4853456666666667
109	U	0.0	0.55	1.37	0.923749	0.92144	0.660017	0.6991116666666667
110	U	0.0	0.69	1.72	1.278651	0.8289409999999999	0.825945	0.5595013333333333
111	U	0.0	0.59	0.96	0.284423	0.6063283333333334	0.192542	0.439502
112	U	0.0	0.17	0.31	0.255911	0.5054296666666667	0.300019	0.4276166666666666
113	G	0.0	-0.23	0.12	0.975955	0.44248133333333334	0.790289	0.39026299999999997
114	A	0.0	0.47	0.68	0.095578	0.5214263333333334	0.080481	0.39289499999999994
115	C	0.0	0.36	0.47	0.492746	0.3396416666666667	0.307915	0.23936199999999994
116	A	0.0	0.45	0.71	0.430601	0.4238406666666667	0.32969	0.29140266666666653
117	C	0.0	0.48	0.71	0.348175	0.37451266666666666	0.236603	0.24135699999999993
118	C	0.0	0.41	0.57	0.344762	0.2791693333333333	0.157778	0.16575799999999993
119	C	0.0	-12.27	-0.32	0.144571	0.230109	0.102893	0.2364756666666666
120	C	0.0	-1.04	-0.59	0.200994	0.19794866666666666	0.448756	0.24144199999999993
121	C	0.0	-0.24	-0.76	0.248281	0.165688	0.172677	0.23223099999999994
122	A	0.0	-0.38	-0.62	0.047789	0.24761166666666667	0.07526	0.2955626666666666
123	U	-0.18	0.52	-1.61	0.446765	0.6986263333333333	0.638751	0.8801083333333333
124	A	-0.18	0.52	-1.58	1.601325	0.6962166666666668	1.926314	0.8736559999999999
125	A	-0.22	0.56	-1.88	0.04056	0.7671633333333334	0.055903	0.9857176666666666
126	U	-0.28	0.69	-2.33	0.659605	0.36704966666666666	0.974936	0.646137
127	A	-0.38	0.74	-3.09	0.400984	0.43354566666666666	0.907572	0.8158849999999999
128	U	-0.3	0.71	-2.47	0.240048	0.276492	0.565147	0.5752073333333333
129	U	-0.12	0.47	-1.17	0.188444	0.15554766666666667	0.252903	0.2773949999999999
130	U	0.15	0.63	0.86	0.038151	0.26946433333333336	0.014135	0.11651866666666659
131	U	0.0	0.67	1.25	0.581798	0.2066496666666667	0.082518	0.000636666666666591
132	U	0.0	0.79	1.92	0.0	0.290899	-0.094743	-0.0061125000000001135
